<?xml version="1.0" encoding="UTF-8"?>
<!-- Generated by org.testng.reporters.JUnitReportReporter -->
<testsuite hostname="Shunnolok.local" failures="0" tests="1" name="ebay.testEbay" time="14.653" errors="0" timestamp="25 Apr 2018 01:39:44 GMT" skipped="0">
  <testcase classname="ebay.testEbay" name="editcategoriess" time="14.653"/>
</testsuite> <!-- ebay.testEbay -->
