<?xml version="1.0" encoding="UTF-8"?>
<!-- Generated by org.testng.reporters.JUnitReportReporter -->
<testsuite skipped="0" hostname="Syeds-MacBook-Pro.local" name="ebay.testEbay" tests="1" failures="0" timestamp="25 Apr 2018 02:22:18 GMT" time="13.032" errors="0">
  <testcase name="editcategoriess" time="13.032" classname="ebay.testEbay"/>
</testsuite> <!-- ebay.testEbay -->
