<?xml version="1.0" encoding="UTF-8"?>
<!-- Generated by org.testng.reporters.JUnitReportReporter -->
<testsuite skipped="0" hostname="Syeds-MacBook-Pro.local" name="TestBase.dropDown" tests="1" failures="0" timestamp="26 Apr 2018 23:15:38 GMT" time="27.374" errors="0">
  <testcase name="dropdownmanu" time="27.374" classname="TestBase.dropDown"/>
</testsuite> <!-- TestBase.dropDown -->
